This file contains any messages produced by compilers while
running configure, to aid debugging if configure makes a mistake.

It was created by configure, which was
generated by GNU Autoconf 2.68.  Invocation command line was

  $ ./configure --with-libxml-src=../libxml2-2.9.1 --without-python

## --------- ##
## Platform. ##
## --------- ##

hostname = matthew-VirtualBox
uname -m = x86_64
uname -r = 3.8.0-25-generic
uname -s = Linux
uname -v = #37-Ubuntu SMP Thu Jun 6 20:47:07 UTC 2013

/usr/bin/uname -p = unknown
/bin/uname -X     = unknown

/bin/arch              = unknown
/usr/bin/arch -k       = unknown
/usr/convex/getsysinfo = unknown
/usr/bin/hostinfo      = unknown
/bin/machine           = unknown
/usr/bin/oslevel       = unknown
/bin/universe          = unknown

PATH: /home/matthew/llvm32build/bin
PATH: /usr/lib/x86_64-linux-gnu/qt4/bin
PATH: /home/matthew/bin
PATH: /usr/lib/lightdm/lightdm
PATH: /usr/local/sbin
PATH: /usr/local/bin
PATH: /usr/sbin
PATH: /usr/bin
PATH: /sbin
PATH: /bin
PATH: /usr/games
PATH: /usr/local/games


## ----------- ##
## Core tests. ##
## ----------- ##

configure:2307: checking build system type
configure:2321: result: x86_64-unknown-linux-gnu
configure:2341: checking host system type
configure:2354: result: x86_64-unknown-linux-gnu
configure:2422: checking for gcc
configure:2449: result: /home/matthew/emscripten/emcc
configure:2678: checking for C compiler version
configure:2687: /home/matthew/emscripten/emcc --version >&5
emcc (Emscripten GCC-like replacement) 1.4.9 (commit c741788a37b2fe8fa6ae2a9249031a7fda97f842)
Copyright (C) 2013 the Emscripten authors (see AUTHORS.txt)
This is free and open source software under the MIT license.
There is NO warranty; not even for MERCHANTABILITY or FITNESS FOR A PARTICULAR PURPOSE.
  
configure:2698: $? = 0
configure:2687: /home/matthew/emscripten/emcc -v >&5
emcc (Emscripten GCC-like replacement + linker emulating GNU ld ) 2.0
clang version 3.2 (tags/RELEASE_32/final 184396)
Target: x86_64-unknown-linux-gnu
Thread model: posix
configure:2698: $? = 0
configure:2687: /home/matthew/emscripten/emcc -V >&5
clang-3: error: unsupported option '-V -nostdinc'
clang-3: error: no input files
configure:2698: $? = 1
configure:2687: /home/matthew/emscripten/emcc -qversion >&5
clang-3: error: no input files
configure:2698: $? = 1
configure:2718: checking whether the C compiler works
configure:2740: /home/matthew/emscripten/emcc    conftest.c  >&5
clang-3: warning: argument unused during compilation: '-nostdinc++'
configure:2744: $? = 0
configure:2792: result: yes
configure:2795: checking for C compiler default output file name
configure:2797: result: a.out
configure:2803: checking for suffix of executables
configure:2810: /home/matthew/emscripten/emcc -o conftest    conftest.c  >&5
clang-3: warning: argument unused during compilation: '-nostdinc++'
configure:2814: $? = 0
configure:2836: result: 
configure:2858: checking whether we are cross compiling
configure:2866: /home/matthew/emscripten/emcc -o conftest    conftest.c  >&5
clang-3: warning: argument unused during compilation: '-nostdinc++'
configure:2870: $? = 0
configure:2877: ./conftest
configure:2881: $? = 0
configure:2896: result: no
configure:2901: checking for suffix of object files
configure:2923: /home/matthew/emscripten/emcc -c   conftest.c >&5
clang-3: warning: argument unused during compilation: '-nostdinc++'
configure:2927: $? = 0
configure:2948: result: o
configure:2952: checking whether we are using the GNU C compiler
configure:2971: /home/matthew/emscripten/emcc -c   conftest.c >&5
clang-3: warning: argument unused during compilation: '-nostdinc++'
configure:2971: $? = 0
configure:2980: result: yes
configure:2989: checking whether /home/matthew/emscripten/emcc accepts -g
configure:3009: /home/matthew/emscripten/emcc -c -g  conftest.c >&5
clang-3: warning: argument unused during compilation: '-nostdinc++'
configure:3009: $? = 0
configure: failed program was:
| /* confdefs.h */
| #define PACKAGE_NAME ""
| #define PACKAGE_TARNAME ""
| #define PACKAGE_VERSION ""
| #define PACKAGE_STRING ""
| #define PACKAGE_BUGREPORT ""
| #define PACKAGE_URL ""
| /* end confdefs.h.  */
| 
| int
| main ()
| {
| 
|   ;
|   return 0;
| }
configure:3024: /home/matthew/emscripten/emcc -c   conftest.c >&5
clang-3: warning: argument unused during compilation: '-nostdinc++'
configure:3024: $? = 0
configure: failed program was:
| /* confdefs.h */
| #define PACKAGE_NAME ""
| #define PACKAGE_TARNAME ""
| #define PACKAGE_VERSION ""
| #define PACKAGE_STRING ""
| #define PACKAGE_BUGREPORT ""
| #define PACKAGE_URL ""
| /* end confdefs.h.  */
| 
| int
| main ()
| {
| 
|   ;
|   return 0;
| }
configure:3040: /home/matthew/emscripten/emcc -c -g  conftest.c >&5
clang-3: warning: argument unused during compilation: '-nostdinc++'
configure:3040: $? = 0
configure:3050: result: yes
configure:3067: checking for /home/matthew/emscripten/emcc option to accept ISO C89
configure:3131: /home/matthew/emscripten/emcc  -c   conftest.c >&5
clang-3: warning: argument unused during compilation: '-nostdinc++'
configure:3131: $? = 0
configure:3144: result: none needed
configure:3170: checking how to run the C preprocessor
configure:3201: /home/matthew/emscripten/emcc -E  conftest.c
clang-3: warning: argument unused during compilation: '-nostdinc++'
configure:3201: $? = 0
configure:3215: /home/matthew/emscripten/emcc -E  conftest.c
clang-3: warning: argument unused during compilation: '-nostdinc++'
conftest.c:9:10: fatal error: 'ac_nonexistent.h' file not found
#include <ac_nonexistent.h>
         ^
1 error generated.
configure:3215: $? = 1
configure: failed program was:
| /* confdefs.h */
| #define PACKAGE_NAME ""
| #define PACKAGE_TARNAME ""
| #define PACKAGE_VERSION ""
| #define PACKAGE_STRING ""
| #define PACKAGE_BUGREPORT ""
| #define PACKAGE_URL ""
| /* end confdefs.h.  */
| #include <ac_nonexistent.h>
configure:3240: result: /home/matthew/emscripten/emcc -E
configure:3260: /home/matthew/emscripten/emcc -E  conftest.c
clang-3: warning: argument unused during compilation: '-nostdinc++'
configure:3260: $? = 0
configure:3274: /home/matthew/emscripten/emcc -E  conftest.c
clang-3: warning: argument unused during compilation: '-nostdinc++'
conftest.c:9:10: fatal error: 'ac_nonexistent.h' file not found
#include <ac_nonexistent.h>
         ^
1 error generated.
configure:3274: $? = 1
configure: failed program was:
| /* confdefs.h */
| #define PACKAGE_NAME ""
| #define PACKAGE_TARNAME ""
| #define PACKAGE_VERSION ""
| #define PACKAGE_STRING ""
| #define PACKAGE_BUGREPORT ""
| #define PACKAGE_URL ""
| /* end confdefs.h.  */
| #include <ac_nonexistent.h>
configure:3303: checking for grep that handles long lines and -e
configure:3361: result: /bin/grep
configure:3366: checking for egrep
configure:3428: result: /bin/grep -E
configure:3433: checking for ANSI C header files
configure:3453: /home/matthew/emscripten/emcc -c   conftest.c >&5
clang-3: warning: argument unused during compilation: '-nostdinc++'
configure:3453: $? = 0
clang-3: warning: argument unused during compilation: '-nostdinc++'
clang-3: warning: argument unused during compilation: '-nostdinc++'
configure:3526: /home/matthew/emscripten/emcc -o conftest    conftest.c  >&5
clang-3: warning: argument unused during compilation: '-nostdinc++'
configure:3526: $? = 0
configure:3526: ./conftest
configure:3526: $? = 0
configure:3537: result: yes
configure:3550: checking for sys/types.h
configure:3550: /home/matthew/emscripten/emcc -c   conftest.c >&5
clang-3: warning: argument unused during compilation: '-nostdinc++'
configure:3550: $? = 0
configure:3550: result: yes
configure:3550: checking for sys/stat.h
configure:3550: /home/matthew/emscripten/emcc -c   conftest.c >&5
clang-3: warning: argument unused during compilation: '-nostdinc++'
configure:3550: $? = 0
configure:3550: result: yes
configure:3550: checking for stdlib.h
configure:3550: /home/matthew/emscripten/emcc -c   conftest.c >&5
clang-3: warning: argument unused during compilation: '-nostdinc++'
configure:3550: $? = 0
configure:3550: result: yes
configure:3550: checking for string.h
configure:3550: /home/matthew/emscripten/emcc -c   conftest.c >&5
clang-3: warning: argument unused during compilation: '-nostdinc++'
configure:3550: $? = 0
configure:3550: result: yes
configure:3550: checking for memory.h
configure:3550: /home/matthew/emscripten/emcc -c   conftest.c >&5
clang-3: warning: argument unused during compilation: '-nostdinc++'
configure:3550: $? = 0
configure:3550: result: yes
configure:3550: checking for strings.h
configure:3550: /home/matthew/emscripten/emcc -c   conftest.c >&5
clang-3: warning: argument unused during compilation: '-nostdinc++'
configure:3550: $? = 0
configure:3550: result: yes
configure:3550: checking for inttypes.h
configure:3550: /home/matthew/emscripten/emcc -c   conftest.c >&5
clang-3: warning: argument unused during compilation: '-nostdinc++'
configure:3550: $? = 0
configure:3550: result: yes
configure:3550: checking for stdint.h
configure:3550: /home/matthew/emscripten/emcc -c   conftest.c >&5
clang-3: warning: argument unused during compilation: '-nostdinc++'
configure:3550: $? = 0
configure:3550: result: yes
configure:3550: checking for unistd.h
configure:3550: /home/matthew/emscripten/emcc -c   conftest.c >&5
clang-3: warning: argument unused during compilation: '-nostdinc++'
configure:3550: $? = 0
configure:3550: result: yes
configure:3563: checking minix/config.h usability
configure:3563: /home/matthew/emscripten/emcc -c   conftest.c >&5
clang-3: warning: argument unused during compilation: '-nostdinc++'
conftest.c:52:10: fatal error: 'minix/config.h' file not found
#include <minix/config.h>
         ^
1 error generated.
configure:3563: $? = 1
configure: failed program was:
| /* confdefs.h */
| #define PACKAGE_NAME ""
| #define PACKAGE_TARNAME ""
| #define PACKAGE_VERSION ""
| #define PACKAGE_STRING ""
| #define PACKAGE_BUGREPORT ""
| #define PACKAGE_URL ""
| #define STDC_HEADERS 1
| #define HAVE_SYS_TYPES_H 1
| #define HAVE_SYS_STAT_H 1
| #define HAVE_STDLIB_H 1
| #define HAVE_STRING_H 1
| #define HAVE_MEMORY_H 1
| #define HAVE_STRINGS_H 1
| #define HAVE_INTTYPES_H 1
| #define HAVE_STDINT_H 1
| #define HAVE_UNISTD_H 1
| /* end confdefs.h.  */
| #include <stdio.h>
| #ifdef HAVE_SYS_TYPES_H
| # include <sys/types.h>
| #endif
| #ifdef HAVE_SYS_STAT_H
| # include <sys/stat.h>
| #endif
| #ifdef STDC_HEADERS
| # include <stdlib.h>
| # include <stddef.h>
| #else
| # ifdef HAVE_STDLIB_H
| #  include <stdlib.h>
| # endif
| #endif
| #ifdef HAVE_STRING_H
| # if !defined STDC_HEADERS && defined HAVE_MEMORY_H
| #  include <memory.h>
| # endif
| # include <string.h>
| #endif
| #ifdef HAVE_STRINGS_H
| # include <strings.h>
| #endif
| #ifdef HAVE_INTTYPES_H
| # include <inttypes.h>
| #endif
| #ifdef HAVE_STDINT_H
| # include <stdint.h>
| #endif
| #ifdef HAVE_UNISTD_H
| # include <unistd.h>
| #endif
| #include <minix/config.h>
configure:3563: result: no
configure:3563: checking minix/config.h presence
configure:3563: /home/matthew/emscripten/emcc -E  conftest.c
clang-3: warning: argument unused during compilation: '-nostdinc++'
conftest.c:19:10: fatal error: 'minix/config.h' file not found
#include <minix/config.h>
         ^
1 error generated.
configure:3563: $? = 1
configure: failed program was:
| /* confdefs.h */
| #define PACKAGE_NAME ""
| #define PACKAGE_TARNAME ""
| #define PACKAGE_VERSION ""
| #define PACKAGE_STRING ""
| #define PACKAGE_BUGREPORT ""
| #define PACKAGE_URL ""
| #define STDC_HEADERS 1
| #define HAVE_SYS_TYPES_H 1
| #define HAVE_SYS_STAT_H 1
| #define HAVE_STDLIB_H 1
| #define HAVE_STRING_H 1
| #define HAVE_MEMORY_H 1
| #define HAVE_STRINGS_H 1
| #define HAVE_INTTYPES_H 1
| #define HAVE_STDINT_H 1
| #define HAVE_UNISTD_H 1
| /* end confdefs.h.  */
| #include <minix/config.h>
configure:3563: result: no
configure:3563: checking for minix/config.h
configure:3563: result: no
configure:3584: checking whether it is safe to define __EXTENSIONS__
configure:3602: /home/matthew/emscripten/emcc -c   conftest.c >&5
clang-3: warning: argument unused during compilation: '-nostdinc++'
configure:3602: $? = 0
configure:3609: result: yes
configure:3710: checking for a BSD-compatible install
configure:3778: result: /usr/bin/install -c
configure:3789: checking whether build environment is sane
configure:3839: result: yes
configure:3980: checking for a thread-safe mkdir -p
configure:4019: result: /bin/mkdir -p
configure:4032: checking for gawk
configure:4048: found /usr/bin/gawk
configure:4059: result: gawk
configure:4070: checking whether make sets $(MAKE)
configure:4092: result: yes
configure:4122: checking for style of include used by make
configure:4150: result: GNU
configure:4236: checking dependency style of /home/matthew/emscripten/emcc
configure:4347: result: gcc3
configure:4380: checking whether make supports nested variables
configure:4397: result: yes
configure:4479: checking for gcc
configure:4506: result: /home/matthew/emscripten/emcc
configure:4735: checking for C compiler version
configure:4744: /home/matthew/emscripten/emcc --version >&5
emcc (Emscripten GCC-like replacement) 1.4.9 (commit c741788a37b2fe8fa6ae2a9249031a7fda97f842)
Copyright (C) 2013 the Emscripten authors (see AUTHORS.txt)
This is free and open source software under the MIT license.
There is NO warranty; not even for MERCHANTABILITY or FITNESS FOR A PARTICULAR PURPOSE.
  
configure:4755: $? = 0
configure:4744: /home/matthew/emscripten/emcc -v >&5
emcc (Emscripten GCC-like replacement + linker emulating GNU ld ) 2.0
clang version 3.2 (tags/RELEASE_32/final 184396)
Target: x86_64-unknown-linux-gnu
Thread model: posix
configure:4755: $? = 0
configure:4744: /home/matthew/emscripten/emcc -V >&5
clang-3: error: unsupported option '-V -nostdinc'
clang-3: error: no input files
configure:4755: $? = 1
configure:4744: /home/matthew/emscripten/emcc -qversion >&5
clang-3: error: no input files
configure:4755: $? = 1
configure:4759: checking whether we are using the GNU C compiler
configure:4787: result: yes
configure:4796: checking whether /home/matthew/emscripten/emcc accepts -g
configure:4857: result: yes
configure:4874: checking for /home/matthew/emscripten/emcc option to accept ISO C89
configure:4951: result: none needed
configure:4977: checking how to run the C preprocessor
configure:5047: result: /home/matthew/emscripten/emcc -E
configure:5067: /home/matthew/emscripten/emcc -E  conftest.c
clang-3: warning: argument unused during compilation: '-nostdinc++'
configure:5067: $? = 0
configure:5081: /home/matthew/emscripten/emcc -E  conftest.c
clang-3: warning: argument unused during compilation: '-nostdinc++'
conftest.c:26:10: fatal error: 'ac_nonexistent.h' file not found
#include <ac_nonexistent.h>
         ^
1 error generated.
configure:5081: $? = 1
configure: failed program was:
| /* confdefs.h */
| #define PACKAGE_NAME ""
| #define PACKAGE_TARNAME ""
| #define PACKAGE_VERSION ""
| #define PACKAGE_STRING ""
| #define PACKAGE_BUGREPORT ""
| #define PACKAGE_URL ""
| #define STDC_HEADERS 1
| #define HAVE_SYS_TYPES_H 1
| #define HAVE_SYS_STAT_H 1
| #define HAVE_STDLIB_H 1
| #define HAVE_STRING_H 1
| #define HAVE_MEMORY_H 1
| #define HAVE_STRINGS_H 1
| #define HAVE_INTTYPES_H 1
| #define HAVE_STDINT_H 1
| #define HAVE_UNISTD_H 1
| #define __EXTENSIONS__ 1
| #define _ALL_SOURCE 1
| #define _GNU_SOURCE 1
| #define _POSIX_PTHREAD_SEMANTICS 1
| #define _TANDEM_SOURCE 1
| #define PACKAGE "libxslt"
| #define VERSION "1.1.28"
| /* end confdefs.h.  */
| #include <ac_nonexistent.h>
configure:5111: checking for rm
configure:5129: found /bin/rm
configure:5142: result: /bin/rm
configure:5152: checking for mv
configure:5170: found /bin/mv
configure:5183: result: /bin/mv
configure:5193: checking for tar
configure:5211: found /bin/tar
configure:5224: result: /bin/tar
configure:5234: checking for xmllint
configure:5252: found /usr/bin/xmllint
configure:5265: result: /usr/bin/xmllint
configure:5275: checking for xsltproc
configure:5293: found /usr/bin/xsltproc
configure:5306: result: /usr/bin/xsltproc
configure:5315: checking for ANSI C header files
configure:5419: result: yes
configure:5474: checking how to print strings
configure:5501: result: printf
configure:5522: checking for a sed that does not truncate output
configure:5586: result: /bin/sed
configure:5604: checking for fgrep
configure:5666: result: /bin/grep -F
configure:5701: checking for ld used by /home/matthew/emscripten/emcc
configure:5768: result: /home/matthew/emscripten/emcc
configure:5775: checking if the linker (/home/matthew/emscripten/emcc) is GNU ld
configure:5790: result: yes
configure:5802: checking for BSD- or MS-compatible name lister (nm)
configure:5851: result: /usr/bin/nm -B
configure:5981: checking the name lister (/usr/bin/nm -B) interface
configure:5988: /home/matthew/emscripten/emcc -c   conftest.c >&5
clang-3: warning: argument unused during compilation: '-nostdinc++'
configure:5991: /usr/bin/nm -B "conftest.o"
configure:5994: output
0000000000000000 B some_variable
configure:6001: result: BSD nm
configure:6004: checking whether ln -s works
configure:6008: result: yes
configure:6016: checking the maximum length of command line arguments
configure:6146: result: 1572864
configure:6163: checking whether the shell understands some XSI constructs
configure:6173: result: yes
configure:6177: checking whether the shell understands "+="
configure:6183: result: yes
configure:6218: checking how to convert x86_64-unknown-linux-gnu file names to x86_64-unknown-linux-gnu format
configure:6258: result: func_convert_file_noop
configure:6265: checking how to convert x86_64-unknown-linux-gnu file names to toolchain format
configure:6285: result: func_convert_file_noop
configure:6292: checking for /home/matthew/emscripten/emcc option to reload object files
configure:6299: result: -r
configure:6373: checking for objdump
configure:6389: found /usr/bin/objdump
configure:6400: result: objdump
configure:6429: checking how to recognize dependent libraries
configure:6631: result: pass_all
configure:6716: checking for dlltool
configure:6746: result: no
configure:6773: checking how to associate runtime and link libraries
configure:6800: result: printf %s\n
configure:6924: checking for archiver @FILE support
configure:6941: /home/matthew/emscripten/emcc -c   conftest.c >&5
clang-3: warning: argument unused during compilation: '-nostdinc++'
configure:6941: $? = 0
configure:6944: /home/matthew/emscripten/emar cru libconftest.a @conftest.lst >&5
configure:6947: $? = 0
configure:6952: /home/matthew/emscripten/emar cru libconftest.a @conftest.lst >&5
/home/matthew/llvm32build/bin/llvm-ar: File does not exist: conftest.o

configure:6955: $? = 0
configure:6967: result: no
configure:7025: checking for strip
configure:7041: found /usr/bin/strip
configure:7052: result: strip
configure:7124: checking for ranlib
configure:7151: result: /home/matthew/emscripten/emranlib
configure:7253: checking command to parse /usr/bin/nm -B output from /home/matthew/emscripten/emcc object
configure:7373: /home/matthew/emscripten/emcc -c   conftest.c >&5
clang-3: warning: argument unused during compilation: '-nostdinc++'
configure:7376: $? = 0
configure:7380: /usr/bin/nm -B conftest.o \| sed -n -e 's/^.*[ ]\([ABCDGIRSTW][ABCDGIRSTW]*\)[ ][ ]*\([_A-Za-z][_A-Za-z0-9]*\)$/\1 \2 \2/p' | sed '/ __gnu_lto/d' \> conftest.nm
configure:7383: $? = 0
configure:7449: /home/matthew/emscripten/emcc -o conftest    conftest.c conftstm.o >&5
clang-3: warning: argument unused during compilation: '-nostdinc++'
configure:7452: $? = 0
configure:7490: result: ok
configure:7527: checking for sysroot
configure:7557: result: no
configure:7634: /home/matthew/emscripten/emcc -c   conftest.c >&5
clang-3: warning: argument unused during compilation: '-nostdinc++'
configure:7637: $? = 0
configure:7813: checking for mt
configure:7829: found /bin/mt
configure:7840: result: mt
configure:7863: checking if mt is a manifest tool
configure:7869: mt '-?'
configure:7877: result: no
configure:8516: checking for dlfcn.h
configure:8516: /home/matthew/emscripten/emcc -c   conftest.c >&5
clang-3: warning: argument unused during compilation: '-nostdinc++'
configure:8516: $? = 0
configure:8516: result: yes
configure:9020: checking for objdir
configure:9035: result: .libs
configure:9302: checking if /home/matthew/emscripten/emcc supports -fno-rtti -fno-exceptions
configure:9320: /home/matthew/emscripten/emcc -c   -fno-rtti -fno-exceptions conftest.c >&5
clang-3: warning: argument unused during compilation: '-nostdinc++'
configure:9324: $? = 0
configure:9337: result: yes
configure:9664: checking for /home/matthew/emscripten/emcc option to produce PIC
configure:9671: result: -fPIC -DPIC
configure:9679: checking if /home/matthew/emscripten/emcc PIC flag -fPIC -DPIC works
configure:9697: /home/matthew/emscripten/emcc -c   -fPIC -DPIC -DPIC conftest.c >&5
clang-3: warning: argument unused during compilation: '-nostdinc++'
configure:9701: $? = 0
configure:9714: result: yes
configure:9743: checking if /home/matthew/emscripten/emcc static flag -static works
clang-3: warning: argument unused during compilation: '-nostdinc++'
configure:9771: result: yes
configure:9786: checking if /home/matthew/emscripten/emcc supports -c -o file.o
configure:9807: /home/matthew/emscripten/emcc -c   -o out/conftest2.o conftest.c >&5
clang-3: warning: argument unused during compilation: '-nostdinc++'
configure:9811: $? = 0
configure:9833: result: yes
configure:9841: checking if /home/matthew/emscripten/emcc supports -c -o file.o
configure:9888: result: yes
configure:9921: checking whether the /home/matthew/emscripten/emcc linker (/home/matthew/emscripten/emcc -m elf_x86_64) supports shared libraries
configure:11074: result: yes
configure:11111: checking whether -lc should be explicitly linked in
configure:11119: /home/matthew/emscripten/emcc -c   conftest.c >&5
clang-3: warning: argument unused during compilation: '-nostdinc++'
configure:11122: $? = 0
configure:11137: /home/matthew/emscripten/emcc -shared  -fPIC -DPIC conftest.o  -v -Wl,-soname -Wl,conftest -o conftest 2\>\&1 \| /bin/grep  -lc  \>/dev/null 2\>\&1
configure:11140: $? = 0
configure:11154: result: no
configure:11314: checking dynamic linker characteristics
configure:11825: /home/matthew/emscripten/emcc -o conftest    -Wl,-rpath -Wl,/foo conftest.c  >&5
clang-3: warning: argument unused during compilation: '-nostdinc++'
configure:11825: $? = 0
configure:12051: result: GNU/Linux ld.so
configure:12158: checking how to hardcode library paths into programs
configure:12183: result: immediate
configure:12723: checking whether stripping libraries is possible
configure:12728: result: yes
configure:12763: checking if libtool supports shared libraries
configure:12765: result: yes
configure:12768: checking whether to build shared libraries
configure:12789: result: yes
configure:12792: checking whether to build static libraries
configure:12796: result: yes
configure:12838: checking for sys/types.h
configure:12838: result: yes
configure:12838: checking sys/time.h usability
configure:12838: /home/matthew/emscripten/emcc -c   conftest.c >&5
clang-3: warning: argument unused during compilation: '-nostdinc++'
configure:12838: $? = 0
configure:12838: result: yes
configure:12838: checking sys/time.h presence
configure:12838: /home/matthew/emscripten/emcc -E  conftest.c
clang-3: warning: argument unused during compilation: '-nostdinc++'
configure:12838: $? = 0
configure:12838: result: yes
configure:12838: checking for sys/time.h
configure:12838: result: yes
configure:12838: checking for stdlib.h
configure:12838: result: yes
configure:12838: checking for unistd.h
configure:12838: result: yes
configure:12838: checking for string.h
configure:12838: result: yes
configure:12849: checking how to pass version script to the linker (/home/matthew/emscripten/emcc -m elf_x86_64)
configure:12857: result: none
configure:12873: checking pthread.h usability
configure:12873: /home/matthew/emscripten/emcc -c   conftest.c >&5
clang-3: warning: argument unused during compilation: '-nostdinc++'
configure:12873: $? = 0
configure:12873: result: yes
configure:12873: checking pthread.h presence
configure:12873: /home/matthew/emscripten/emcc -E  conftest.c
clang-3: warning: argument unused during compilation: '-nostdinc++'
configure:12873: $? = 0
configure:12873: result: yes
configure:12873: checking for pthread.h
configure:12873: result: yes
configure:12875: checking for pthread_join in -lpthread
configure:12900: /home/matthew/emscripten/emcc -o conftest    conftest.c -lpthread   >&5
clang-3: warning: argument unused during compilation: '-nostdinc++'
configure:12900: $? = 0
configure:12909: result: no
configure:12937: checking locale.h usability
configure:12937: /home/matthew/emscripten/emcc -c   conftest.c >&5
clang-3: warning: argument unused during compilation: '-nostdinc++'
configure:12937: $? = 0
configure:12937: result: yes
configure:12937: checking locale.h presence
configure:12937: /home/matthew/emscripten/emcc -E  conftest.c
clang-3: warning: argument unused during compilation: '-nostdinc++'
configure:12937: $? = 0
configure:12937: result: yes
configure:12937: checking for locale.h
configure:12937: result: yes
configure:12937: checking xlocale.h usability
configure:12937: /home/matthew/emscripten/emcc -c   conftest.c >&5
clang-3: warning: argument unused during compilation: '-nostdinc++'
configure:12937: $? = 0
configure:12937: result: yes
configure:12937: checking xlocale.h presence
configure:12937: /home/matthew/emscripten/emcc -E  conftest.c
clang-3: warning: argument unused during compilation: '-nostdinc++'
configure:12937: $? = 0
configure:12937: result: yes
configure:12937: checking for xlocale.h
configure:12937: result: yes
configure:12948: checking if xlocale program link
configure:13006: /home/matthew/emscripten/emcc -o conftest    conftest.c  >&5
clang-3: warning: argument unused during compilation: '-nostdinc++'
conftest.c:67:21: error: expected expression
    const char *src[[2]] = { "\xc3\x84rger", "Zeppelin" };
                    ^
conftest.c:68:15: error: expected expression
    char *dst[[2]];
              ^
conftest.c:75:35: error: expected expression
        len = strxfrm_l(NULL, src[[i]], 0, locale) + 1;
                                  ^
conftest.c:75:35: error: expected ']'
conftest.c:75:34: note: to match this '['
        len = strxfrm_l(NULL, src[[i]], 0, locale) + 1;
                                 ^
conftest.c:76:13: error: expected expression
        dst[[i]] = malloc(len);
            ^
conftest.c:76:13: error: expected ']'
conftest.c:76:12: note: to match this '['
        dst[[i]] = malloc(len);
           ^
conftest.c:77:16: error: expected expression
        if(dst[[i]] == NULL) exit(1);
               ^
conftest.c:77:16: error: expected ']'
conftest.c:77:15: note: to match this '['
        if(dst[[i]] == NULL) exit(1);
              ^
conftest.c:78:27: error: expected expression
        r = strxfrm_l(dst[[i]], src[[i]], len, locale);
                          ^
conftest.c:78:27: error: expected ']'
conftest.c:78:26: note: to match this '['
        r = strxfrm_l(dst[[i]], src[[i]], len, locale);
                         ^
conftest.c:81:20: error: expected expression
    if (strcmp(dst[[0]], dst[[1]]) >= 0) exit(1);
                   ^
conftest.c:81:20: error: expected ']'
conftest.c:81:19: note: to match this '['
    if (strcmp(dst[[0]], dst[[1]]) >= 0) exit(1);
                  ^
12 errors generated.
configure:13006: $? = 1
configure: failed program was:
| /* confdefs.h */
| #define PACKAGE_NAME ""
| #define PACKAGE_TARNAME ""
| #define PACKAGE_VERSION ""
| #define PACKAGE_STRING ""
| #define PACKAGE_BUGREPORT ""
| #define PACKAGE_URL ""
| #define STDC_HEADERS 1
| #define HAVE_SYS_TYPES_H 1
| #define HAVE_SYS_STAT_H 1
| #define HAVE_STDLIB_H 1
| #define HAVE_STRING_H 1
| #define HAVE_MEMORY_H 1
| #define HAVE_STRINGS_H 1
| #define HAVE_INTTYPES_H 1
| #define HAVE_STDINT_H 1
| #define HAVE_UNISTD_H 1
| #define __EXTENSIONS__ 1
| #define _ALL_SOURCE 1
| #define _GNU_SOURCE 1
| #define _POSIX_PTHREAD_SEMANTICS 1
| #define _TANDEM_SOURCE 1
| #define PACKAGE "libxslt"
| #define VERSION "1.1.28"
| #define STDC_HEADERS 1
| #define HAVE_DLFCN_H 1
| #define LT_OBJDIR ".libs/"
| #define HAVE_SYS_TYPES_H 1
| #define HAVE_SYS_TIME_H 1
| #define HAVE_STDLIB_H 1
| #define HAVE_UNISTD_H 1
| #define HAVE_STRING_H 1
| #define HAVE_LOCALE_H 1
| #define HAVE_XLOCALE_H 1
| /* end confdefs.h.  */
| 
| #ifdef HAVE_LOCALE_H
| #include <locale.h>
| #endif
| #ifdef HAVE_XLOCALE_H
| #include <xlocale.h>
| #endif
| #ifdef HAVE_STRING_H
| #include <string.h>
| #endif
| #ifdef HAVE_STDLIB_H
| #include <stdlib.h>
| #endif
| 
| #ifdef __GLIBC__
| typedef __locale_t xsltLocale;
| #else
| typedef locale_t xsltLocale;
| #endif
| #if defined(__GLIBC__) && __GLIBC__ == 2 && __GLIBC_MINOR__ <= 2
| #define newlocale __newlocale
| #define freelocale __freelocale
| #define strxfrm_l __strxfrm_l
| #define LC_COLLATE_MASK (1 << LC_COLLATE)
| #endif
| 
| int
| main ()
| {
| 
|     xsltLocale locale;
|     const char *src[[2]] = { "\xc3\x84rger", "Zeppelin" };
|     char *dst[[2]];
|     size_t len, r;
|     int i;
| 
|     locale = newlocale(LC_COLLATE_MASK, "en_US.utf8", NULL);
|     if (locale == NULL) exit(1);
|     for (i=0; i<2; ++i) {
|         len = strxfrm_l(NULL, src[[i]], 0, locale) + 1;
|         dst[[i]] = malloc(len);
|         if(dst[[i]] == NULL) exit(1);
|         r = strxfrm_l(dst[[i]], src[[i]], len, locale);
|         if(r >= len) exit(1);
|     }
|     if (strcmp(dst[[0]], dst[[1]]) >= 0) exit(1);
| 
|     exit(0);
|     return(0);
| 
|   ;
|   return 0;
| }
configure:13010: result: no
configure:13032: checking ieeefp.h usability
configure:13032: /home/matthew/emscripten/emcc -c   conftest.c >&5
clang-3: warning: argument unused during compilation: '-nostdinc++'
configure:13032: $? = 0
configure:13032: result: yes
configure:13032: checking ieeefp.h presence
configure:13032: /home/matthew/emscripten/emcc -E  conftest.c
clang-3: warning: argument unused during compilation: '-nostdinc++'
configure:13032: $? = 0
configure:13032: result: yes
configure:13032: checking for ieeefp.h
configure:13032: result: yes
configure:13032: checking nan.h usability
configure:13032: /home/matthew/emscripten/emcc -c   conftest.c >&5
clang-3: warning: argument unused during compilation: '-nostdinc++'
conftest.c:70:10: fatal error: 'nan.h' file not found
#include <nan.h>
         ^
1 error generated.
configure:13032: $? = 1
configure: failed program was:
| /* confdefs.h */
| #define PACKAGE_NAME ""
| #define PACKAGE_TARNAME ""
| #define PACKAGE_VERSION ""
| #define PACKAGE_STRING ""
| #define PACKAGE_BUGREPORT ""
| #define PACKAGE_URL ""
| #define STDC_HEADERS 1
| #define HAVE_SYS_TYPES_H 1
| #define HAVE_SYS_STAT_H 1
| #define HAVE_STDLIB_H 1
| #define HAVE_STRING_H 1
| #define HAVE_MEMORY_H 1
| #define HAVE_STRINGS_H 1
| #define HAVE_INTTYPES_H 1
| #define HAVE_STDINT_H 1
| #define HAVE_UNISTD_H 1
| #define __EXTENSIONS__ 1
| #define _ALL_SOURCE 1
| #define _GNU_SOURCE 1
| #define _POSIX_PTHREAD_SEMANTICS 1
| #define _TANDEM_SOURCE 1
| #define PACKAGE "libxslt"
| #define VERSION "1.1.28"
| #define STDC_HEADERS 1
| #define HAVE_DLFCN_H 1
| #define LT_OBJDIR ".libs/"
| #define HAVE_SYS_TYPES_H 1
| #define HAVE_SYS_TIME_H 1
| #define HAVE_STDLIB_H 1
| #define HAVE_UNISTD_H 1
| #define HAVE_STRING_H 1
| #define HAVE_LOCALE_H 1
| #define HAVE_XLOCALE_H 1
| #define HAVE_IEEEFP_H 1
| /* end confdefs.h.  */
| #include <stdio.h>
| #ifdef HAVE_SYS_TYPES_H
| # include <sys/types.h>
| #endif
| #ifdef HAVE_SYS_STAT_H
| # include <sys/stat.h>
| #endif
| #ifdef STDC_HEADERS
| # include <stdlib.h>
| # include <stddef.h>
| #else
| # ifdef HAVE_STDLIB_H
| #  include <stdlib.h>
| # endif
| #endif
| #ifdef HAVE_STRING_H
| # if !defined STDC_HEADERS && defined HAVE_MEMORY_H
| #  include <memory.h>
| # endif
| # include <string.h>
| #endif
| #ifdef HAVE_STRINGS_H
| # include <strings.h>
| #endif
| #ifdef HAVE_INTTYPES_H
| # include <inttypes.h>
| #endif
| #ifdef HAVE_STDINT_H
| # include <stdint.h>
| #endif
| #ifdef HAVE_UNISTD_H
| # include <unistd.h>
| #endif
| #include <nan.h>
configure:13032: result: no
configure:13032: checking nan.h presence
configure:13032: /home/matthew/emscripten/emcc -E  conftest.c
clang-3: warning: argument unused during compilation: '-nostdinc++'
conftest.c:37:10: fatal error: 'nan.h' file not found
#include <nan.h>
         ^
1 error generated.
configure:13032: $? = 1
configure: failed program was:
| /* confdefs.h */
| #define PACKAGE_NAME ""
| #define PACKAGE_TARNAME ""
| #define PACKAGE_VERSION ""
| #define PACKAGE_STRING ""
| #define PACKAGE_BUGREPORT ""
| #define PACKAGE_URL ""
| #define STDC_HEADERS 1
| #define HAVE_SYS_TYPES_H 1
| #define HAVE_SYS_STAT_H 1
| #define HAVE_STDLIB_H 1
| #define HAVE_STRING_H 1
| #define HAVE_MEMORY_H 1
| #define HAVE_STRINGS_H 1
| #define HAVE_INTTYPES_H 1
| #define HAVE_STDINT_H 1
| #define HAVE_UNISTD_H 1
| #define __EXTENSIONS__ 1
| #define _ALL_SOURCE 1
| #define _GNU_SOURCE 1
| #define _POSIX_PTHREAD_SEMANTICS 1
| #define _TANDEM_SOURCE 1
| #define PACKAGE "libxslt"
| #define VERSION "1.1.28"
| #define STDC_HEADERS 1
| #define HAVE_DLFCN_H 1
| #define LT_OBJDIR ".libs/"
| #define HAVE_SYS_TYPES_H 1
| #define HAVE_SYS_TIME_H 1
| #define HAVE_STDLIB_H 1
| #define HAVE_UNISTD_H 1
| #define HAVE_STRING_H 1
| #define HAVE_LOCALE_H 1
| #define HAVE_XLOCALE_H 1
| #define HAVE_IEEEFP_H 1
| /* end confdefs.h.  */
| #include <nan.h>
configure:13032: result: no
configure:13032: checking for nan.h
configure:13032: result: no
configure:13032: checking math.h usability
configure:13032: /home/matthew/emscripten/emcc -c   conftest.c >&5
clang-3: warning: argument unused during compilation: '-nostdinc++'
configure:13032: $? = 0
configure:13032: result: yes
configure:13032: checking math.h presence
configure:13032: /home/matthew/emscripten/emcc -E  conftest.c
clang-3: warning: argument unused during compilation: '-nostdinc++'
configure:13032: $? = 0
configure:13032: result: yes
configure:13032: checking for math.h
configure:13032: result: yes
configure:13032: checking fp_class.h usability
configure:13032: /home/matthew/emscripten/emcc -c   conftest.c >&5
clang-3: warning: argument unused during compilation: '-nostdinc++'
conftest.c:71:10: fatal error: 'fp_class.h' file not found
#include <fp_class.h>
         ^
1 error generated.
configure:13032: $? = 1
configure: failed program was:
| /* confdefs.h */
| #define PACKAGE_NAME ""
| #define PACKAGE_TARNAME ""
| #define PACKAGE_VERSION ""
| #define PACKAGE_STRING ""
| #define PACKAGE_BUGREPORT ""
| #define PACKAGE_URL ""
| #define STDC_HEADERS 1
| #define HAVE_SYS_TYPES_H 1
| #define HAVE_SYS_STAT_H 1
| #define HAVE_STDLIB_H 1
| #define HAVE_STRING_H 1
| #define HAVE_MEMORY_H 1
| #define HAVE_STRINGS_H 1
| #define HAVE_INTTYPES_H 1
| #define HAVE_STDINT_H 1
| #define HAVE_UNISTD_H 1
| #define __EXTENSIONS__ 1
| #define _ALL_SOURCE 1
| #define _GNU_SOURCE 1
| #define _POSIX_PTHREAD_SEMANTICS 1
| #define _TANDEM_SOURCE 1
| #define PACKAGE "libxslt"
| #define VERSION "1.1.28"
| #define STDC_HEADERS 1
| #define HAVE_DLFCN_H 1
| #define LT_OBJDIR ".libs/"
| #define HAVE_SYS_TYPES_H 1
| #define HAVE_SYS_TIME_H 1
| #define HAVE_STDLIB_H 1
| #define HAVE_UNISTD_H 1
| #define HAVE_STRING_H 1
| #define HAVE_LOCALE_H 1
| #define HAVE_XLOCALE_H 1
| #define HAVE_IEEEFP_H 1
| #define HAVE_MATH_H 1
| /* end confdefs.h.  */
| #include <stdio.h>
| #ifdef HAVE_SYS_TYPES_H
| # include <sys/types.h>
| #endif
| #ifdef HAVE_SYS_STAT_H
| # include <sys/stat.h>
| #endif
| #ifdef STDC_HEADERS
| # include <stdlib.h>
| # include <stddef.h>
| #else
| # ifdef HAVE_STDLIB_H
| #  include <stdlib.h>
| # endif
| #endif
| #ifdef HAVE_STRING_H
| # if !defined STDC_HEADERS && defined HAVE_MEMORY_H
| #  include <memory.h>
| # endif
| # include <string.h>
| #endif
| #ifdef HAVE_STRINGS_H
| # include <strings.h>
| #endif
| #ifdef HAVE_INTTYPES_H
| # include <inttypes.h>
| #endif
| #ifdef HAVE_STDINT_H
| # include <stdint.h>
| #endif
| #ifdef HAVE_UNISTD_H
| # include <unistd.h>
| #endif
| #include <fp_class.h>
configure:13032: result: no
configure:13032: checking fp_class.h presence
configure:13032: /home/matthew/emscripten/emcc -E  conftest.c
clang-3: warning: argument unused during compilation: '-nostdinc++'
conftest.c:38:10: fatal error: 'fp_class.h' file not found
#include <fp_class.h>
         ^
1 error generated.
configure:13032: $? = 1
configure: failed program was:
| /* confdefs.h */
| #define PACKAGE_NAME ""
| #define PACKAGE_TARNAME ""
| #define PACKAGE_VERSION ""
| #define PACKAGE_STRING ""
| #define PACKAGE_BUGREPORT ""
| #define PACKAGE_URL ""
| #define STDC_HEADERS 1
| #define HAVE_SYS_TYPES_H 1
| #define HAVE_SYS_STAT_H 1
| #define HAVE_STDLIB_H 1
| #define HAVE_STRING_H 1
| #define HAVE_MEMORY_H 1
| #define HAVE_STRINGS_H 1
| #define HAVE_INTTYPES_H 1
| #define HAVE_STDINT_H 1
| #define HAVE_UNISTD_H 1
| #define __EXTENSIONS__ 1
| #define _ALL_SOURCE 1
| #define _GNU_SOURCE 1
| #define _POSIX_PTHREAD_SEMANTICS 1
| #define _TANDEM_SOURCE 1
| #define PACKAGE "libxslt"
| #define VERSION "1.1.28"
| #define STDC_HEADERS 1
| #define HAVE_DLFCN_H 1
| #define LT_OBJDIR ".libs/"
| #define HAVE_SYS_TYPES_H 1
| #define HAVE_SYS_TIME_H 1
| #define HAVE_STDLIB_H 1
| #define HAVE_UNISTD_H 1
| #define HAVE_STRING_H 1
| #define HAVE_LOCALE_H 1
| #define HAVE_XLOCALE_H 1
| #define HAVE_IEEEFP_H 1
| #define HAVE_MATH_H 1
| /* end confdefs.h.  */
| #include <fp_class.h>
configure:13032: result: no
configure:13032: checking for fp_class.h
configure:13032: result: no
configure:13032: checking float.h usability
configure:13032: /home/matthew/emscripten/emcc -c   conftest.c >&5
clang-3: warning: argument unused during compilation: '-nostdinc++'
configure:13032: $? = 0
configure:13032: result: yes
configure:13032: checking float.h presence
configure:13032: /home/matthew/emscripten/emcc -E  conftest.c
clang-3: warning: argument unused during compilation: '-nostdinc++'
configure:13032: $? = 0
configure:13032: result: yes
configure:13032: checking for float.h
configure:13032: result: yes
configure:13032: checking ansidecl.h usability
configure:13032: /home/matthew/emscripten/emcc -c   conftest.c >&5
clang-3: warning: argument unused during compilation: '-nostdinc++'
conftest.c:72:10: fatal error: 'ansidecl.h' file not found
#include <ansidecl.h>
         ^
1 error generated.
configure:13032: $? = 1
configure: failed program was:
| /* confdefs.h */
| #define PACKAGE_NAME ""
| #define PACKAGE_TARNAME ""
| #define PACKAGE_VERSION ""
| #define PACKAGE_STRING ""
| #define PACKAGE_BUGREPORT ""
| #define PACKAGE_URL ""
| #define STDC_HEADERS 1
| #define HAVE_SYS_TYPES_H 1
| #define HAVE_SYS_STAT_H 1
| #define HAVE_STDLIB_H 1
| #define HAVE_STRING_H 1
| #define HAVE_MEMORY_H 1
| #define HAVE_STRINGS_H 1
| #define HAVE_INTTYPES_H 1
| #define HAVE_STDINT_H 1
| #define HAVE_UNISTD_H 1
| #define __EXTENSIONS__ 1
| #define _ALL_SOURCE 1
| #define _GNU_SOURCE 1
| #define _POSIX_PTHREAD_SEMANTICS 1
| #define _TANDEM_SOURCE 1
| #define PACKAGE "libxslt"
| #define VERSION "1.1.28"
| #define STDC_HEADERS 1
| #define HAVE_DLFCN_H 1
| #define LT_OBJDIR ".libs/"
| #define HAVE_SYS_TYPES_H 1
| #define HAVE_SYS_TIME_H 1
| #define HAVE_STDLIB_H 1
| #define HAVE_UNISTD_H 1
| #define HAVE_STRING_H 1
| #define HAVE_LOCALE_H 1
| #define HAVE_XLOCALE_H 1
| #define HAVE_IEEEFP_H 1
| #define HAVE_MATH_H 1
| #define HAVE_FLOAT_H 1
| /* end confdefs.h.  */
| #include <stdio.h>
| #ifdef HAVE_SYS_TYPES_H
| # include <sys/types.h>
| #endif
| #ifdef HAVE_SYS_STAT_H
| # include <sys/stat.h>
| #endif
| #ifdef STDC_HEADERS
| # include <stdlib.h>
| # include <stddef.h>
| #else
| # ifdef HAVE_STDLIB_H
| #  include <stdlib.h>
| # endif
| #endif
| #ifdef HAVE_STRING_H
| # if !defined STDC_HEADERS && defined HAVE_MEMORY_H
| #  include <memory.h>
| # endif
| # include <string.h>
| #endif
| #ifdef HAVE_STRINGS_H
| # include <strings.h>
| #endif
| #ifdef HAVE_INTTYPES_H
| # include <inttypes.h>
| #endif
| #ifdef HAVE_STDINT_H
| # include <stdint.h>
| #endif
| #ifdef HAVE_UNISTD_H
| # include <unistd.h>
| #endif
| #include <ansidecl.h>
configure:13032: result: no
configure:13032: checking ansidecl.h presence
configure:13032: /home/matthew/emscripten/emcc -E  conftest.c
clang-3: warning: argument unused during compilation: '-nostdinc++'
conftest.c:39:10: fatal error: 'ansidecl.h' file not found
#include <ansidecl.h>
         ^
1 error generated.
configure:13032: $? = 1
configure: failed program was:
| /* confdefs.h */
| #define PACKAGE_NAME ""
| #define PACKAGE_TARNAME ""
| #define PACKAGE_VERSION ""
| #define PACKAGE_STRING ""
| #define PACKAGE_BUGREPORT ""
| #define PACKAGE_URL ""
| #define STDC_HEADERS 1
| #define HAVE_SYS_TYPES_H 1
| #define HAVE_SYS_STAT_H 1
| #define HAVE_STDLIB_H 1
| #define HAVE_STRING_H 1
| #define HAVE_MEMORY_H 1
| #define HAVE_STRINGS_H 1
| #define HAVE_INTTYPES_H 1
| #define HAVE_STDINT_H 1
| #define HAVE_UNISTD_H 1
| #define __EXTENSIONS__ 1
| #define _ALL_SOURCE 1
| #define _GNU_SOURCE 1
| #define _POSIX_PTHREAD_SEMANTICS 1
| #define _TANDEM_SOURCE 1
| #define PACKAGE "libxslt"
| #define VERSION "1.1.28"
| #define STDC_HEADERS 1
| #define HAVE_DLFCN_H 1
| #define LT_OBJDIR ".libs/"
| #define HAVE_SYS_TYPES_H 1
| #define HAVE_SYS_TIME_H 1
| #define HAVE_STDLIB_H 1
| #define HAVE_UNISTD_H 1
| #define HAVE_STRING_H 1
| #define HAVE_LOCALE_H 1
| #define HAVE_XLOCALE_H 1
| #define HAVE_IEEEFP_H 1
| #define HAVE_MATH_H 1
| #define HAVE_FLOAT_H 1
| /* end confdefs.h.  */
| #include <ansidecl.h>
configure:13032: result: no
configure:13032: checking for ansidecl.h
configure:13032: result: no
configure:13045: checking sys/timeb.h usability
configure:13045: /home/matthew/emscripten/emcc -c   conftest.c >&5
clang-3: warning: argument unused during compilation: '-nostdinc++'
configure:13045: $? = 0
configure:13045: result: yes
configure:13045: checking sys/timeb.h presence
configure:13045: /home/matthew/emscripten/emcc -E  conftest.c
clang-3: warning: argument unused during compilation: '-nostdinc++'
configure:13045: $? = 0
configure:13045: result: yes
configure:13045: checking for sys/timeb.h
configure:13045: result: yes
configure:13045: checking time.h usability
configure:13045: /home/matthew/emscripten/emcc -c   conftest.c >&5
clang-3: warning: argument unused during compilation: '-nostdinc++'
configure:13045: $? = 0
configure:13045: result: yes
configure:13045: checking time.h presence
configure:13045: /home/matthew/emscripten/emcc -E  conftest.c
clang-3: warning: argument unused during compilation: '-nostdinc++'
configure:13045: $? = 0
configure:13045: result: yes
configure:13045: checking for time.h
configure:13045: result: yes
configure:13045: checking for sys/stat.h
configure:13045: result: yes
configure:13045: checking sys/select.h usability
configure:13045: /home/matthew/emscripten/emcc -c   conftest.c >&5
clang-3: warning: argument unused during compilation: '-nostdinc++'
configure:13045: $? = 0
configure:13045: result: yes
configure:13045: checking sys/select.h presence
configure:13045: /home/matthew/emscripten/emcc -E  conftest.c
clang-3: warning: argument unused during compilation: '-nostdinc++'
configure:13045: $? = 0
configure:13045: result: yes
configure:13045: checking for sys/select.h
configure:13045: result: yes
configure:13045: checking stdarg.h usability
configure:13045: /home/matthew/emscripten/emcc -c   conftest.c >&5
clang-3: warning: argument unused during compilation: '-nostdinc++'
configure:13045: $? = 0
configure:13045: result: yes
configure:13045: checking stdarg.h presence
configure:13045: /home/matthew/emscripten/emcc -E  conftest.c
clang-3: warning: argument unused during compilation: '-nostdinc++'
configure:13045: $? = 0
configure:13045: result: yes
configure:13045: checking for stdarg.h
configure:13045: result: yes
configure:13058: checking for stat
configure:13058: /home/matthew/emscripten/emcc -o conftest    conftest.c  >&5
clang-3: warning: argument unused during compilation: '-nostdinc++'
configure:13058: $? = 0
configure:13058: result: yes
configure:13058: checking for _stat
configure:13058: /home/matthew/emscripten/emcc -o conftest    conftest.c  >&5
clang-3: warning: argument unused during compilation: '-nostdinc++'
/tmp/conftest-WI33KY.o: In function `main':
conftest.c:(.text+0x12): undefined reference to `_stat'
clang-3: error: linker command failed with exit code 1 (use -v to see invocation)
configure:13058: $? = 1
configure: failed program was:
| /* confdefs.h */
| #define PACKAGE_NAME ""
| #define PACKAGE_TARNAME ""
| #define PACKAGE_VERSION ""
| #define PACKAGE_STRING ""
| #define PACKAGE_BUGREPORT ""
| #define PACKAGE_URL ""
| #define STDC_HEADERS 1
| #define HAVE_SYS_TYPES_H 1
| #define HAVE_SYS_STAT_H 1
| #define HAVE_STDLIB_H 1
| #define HAVE_STRING_H 1
| #define HAVE_MEMORY_H 1
| #define HAVE_STRINGS_H 1
| #define HAVE_INTTYPES_H 1
| #define HAVE_STDINT_H 1
| #define HAVE_UNISTD_H 1
| #define __EXTENSIONS__ 1
| #define _ALL_SOURCE 1
| #define _GNU_SOURCE 1
| #define _POSIX_PTHREAD_SEMANTICS 1
| #define _TANDEM_SOURCE 1
| #define PACKAGE "libxslt"
| #define VERSION "1.1.28"
| #define STDC_HEADERS 1
| #define HAVE_DLFCN_H 1
| #define LT_OBJDIR ".libs/"
| #define HAVE_SYS_TYPES_H 1
| #define HAVE_SYS_TIME_H 1
| #define HAVE_STDLIB_H 1
| #define HAVE_UNISTD_H 1
| #define HAVE_STRING_H 1
| #define HAVE_LOCALE_H 1
| #define HAVE_XLOCALE_H 1
| #define HAVE_IEEEFP_H 1
| #define HAVE_MATH_H 1
| #define HAVE_FLOAT_H 1
| #define HAVE_SYS_TIMEB_H 1
| #define HAVE_TIME_H 1
| #define HAVE_SYS_STAT_H 1
| #define HAVE_SYS_SELECT_H 1
| #define HAVE_STDARG_H 1
| #define HAVE_STAT 1
| /* end confdefs.h.  */
| /* Define _stat to an innocuous variant, in case <limits.h> declares _stat.
|    For example, HP-UX 11i <limits.h> declares gettimeofday.  */
| #define _stat innocuous__stat
| 
| /* System header to define __stub macros and hopefully few prototypes,
|     which can conflict with char _stat (); below.
|     Prefer <limits.h> to <assert.h> if __STDC__ is defined, since
|     <limits.h> exists even on freestanding compilers.  */
| 
| #ifdef __STDC__
| # include <limits.h>
| #else
| # include <assert.h>
| #endif
| 
| #undef _stat
| 
| /* Override any GCC internal prototype to avoid an error.
|    Use char because int might match the return type of a GCC
|    builtin and then its argument prototype would still apply.  */
| #ifdef __cplusplus
| extern "C"
| #endif
| char _stat ();
| /* The GNU C library defines this for functions which it implements
|     to always fail with ENOSYS.  Some functions are actually named
|     something starting with __ and the normal name is an alias.  */
| #if defined __stub__stat || defined __stub____stat
| choke me
| #endif
| 
| int
| main ()
| {
| return _stat ();
|   ;
|   return 0;
| }
configure:13058: result: no
configure:13067: checking for pow
configure:13067: /home/matthew/emscripten/emcc -o conftest    conftest.c  >&5
clang-3: warning: argument unused during compilation: '-nostdinc++'
conftest.c:68:6: warning: incompatible redeclaration of library function 'pow'
char pow ();
     ^
conftest.c:68:6: note: 'pow' is a builtin with type 'double (double, double)'
1 warning generated.
/tmp/conftest-sXGQ38.o: In function `main':
conftest.c:(.text+0x12): undefined reference to `pow'
clang-3: error: linker command failed with exit code 1 (use -v to see invocation)
configure:13067: $? = 1
configure: failed program was:
| /* confdefs.h */
| #define PACKAGE_NAME ""
| #define PACKAGE_TARNAME ""
| #define PACKAGE_VERSION ""
| #define PACKAGE_STRING ""
| #define PACKAGE_BUGREPORT ""
| #define PACKAGE_URL ""
| #define STDC_HEADERS 1
| #define HAVE_SYS_TYPES_H 1
| #define HAVE_SYS_STAT_H 1
| #define HAVE_STDLIB_H 1
| #define HAVE_STRING_H 1
| #define HAVE_MEMORY_H 1
| #define HAVE_STRINGS_H 1
| #define HAVE_INTTYPES_H 1
| #define HAVE_STDINT_H 1
| #define HAVE_UNISTD_H 1
| #define __EXTENSIONS__ 1
| #define _ALL_SOURCE 1
| #define _GNU_SOURCE 1
| #define _POSIX_PTHREAD_SEMANTICS 1
| #define _TANDEM_SOURCE 1
| #define PACKAGE "libxslt"
| #define VERSION "1.1.28"
| #define STDC_HEADERS 1
| #define HAVE_DLFCN_H 1
| #define LT_OBJDIR ".libs/"
| #define HAVE_SYS_TYPES_H 1
| #define HAVE_SYS_TIME_H 1
| #define HAVE_STDLIB_H 1
| #define HAVE_UNISTD_H 1
| #define HAVE_STRING_H 1
| #define HAVE_LOCALE_H 1
| #define HAVE_XLOCALE_H 1
| #define HAVE_IEEEFP_H 1
| #define HAVE_MATH_H 1
| #define HAVE_FLOAT_H 1
| #define HAVE_SYS_TIMEB_H 1
| #define HAVE_TIME_H 1
| #define HAVE_SYS_STAT_H 1
| #define HAVE_SYS_SELECT_H 1
| #define HAVE_STDARG_H 1
| #define HAVE_STAT 1
| /* end confdefs.h.  */
| /* Define pow to an innocuous variant, in case <limits.h> declares pow.
|    For example, HP-UX 11i <limits.h> declares gettimeofday.  */
| #define pow innocuous_pow
| 
| /* System header to define __stub macros and hopefully few prototypes,
|     which can conflict with char pow (); below.
|     Prefer <limits.h> to <assert.h> if __STDC__ is defined, since
|     <limits.h> exists even on freestanding compilers.  */
| 
| #ifdef __STDC__
| # include <limits.h>
| #else
| # include <assert.h>
| #endif
| 
| #undef pow
| 
| /* Override any GCC internal prototype to avoid an error.
|    Use char because int might match the return type of a GCC
|    builtin and then its argument prototype would still apply.  */
| #ifdef __cplusplus
| extern "C"
| #endif
| char pow ();
| /* The GNU C library defines this for functions which it implements
|     to always fail with ENOSYS.  Some functions are actually named
|     something starting with __ and the normal name is an alias.  */
| #if defined __stub_pow || defined __stub___pow
| choke me
| #endif
| 
| int
| main ()
| {
| return pow ();
|   ;
|   return 0;
| }
configure:13067: result: no
configure:13071: checking for pow in -lm
configure:13096: /home/matthew/emscripten/emcc -o conftest    conftest.c -lm   >&5
clang-3: warning: argument unused during compilation: '-nostdinc++'
conftest.c:52:6: warning: incompatible redeclaration of library function 'pow'
char pow ();
     ^
conftest.c:52:6: note: 'pow' is a builtin with type 'double (double, double)'
1 warning generated.
configure:13096: $? = 0
configure:13105: result: yes
configure:13116: checking for floor
configure:13116: /home/matthew/emscripten/emcc -o conftest    conftest.c  >&5
clang-3: warning: argument unused during compilation: '-nostdinc++'
conftest.c:69:6: warning: incompatible redeclaration of library function 'floor'
char floor ();
     ^
conftest.c:69:6: note: 'floor' is a builtin with type 'double (double)'
1 warning generated.
/tmp/conftest-UJVyvo.o: In function `main':
conftest.c:(.text+0x12): undefined reference to `floor'
clang-3: error: linker command failed with exit code 1 (use -v to see invocation)
configure:13116: $? = 1
configure: failed program was:
| /* confdefs.h */
| #define PACKAGE_NAME ""
| #define PACKAGE_TARNAME ""
| #define PACKAGE_VERSION ""
| #define PACKAGE_STRING ""
| #define PACKAGE_BUGREPORT ""
| #define PACKAGE_URL ""
| #define STDC_HEADERS 1
| #define HAVE_SYS_TYPES_H 1
| #define HAVE_SYS_STAT_H 1
| #define HAVE_STDLIB_H 1
| #define HAVE_STRING_H 1
| #define HAVE_MEMORY_H 1
| #define HAVE_STRINGS_H 1
| #define HAVE_INTTYPES_H 1
| #define HAVE_STDINT_H 1
| #define HAVE_UNISTD_H 1
| #define __EXTENSIONS__ 1
| #define _ALL_SOURCE 1
| #define _GNU_SOURCE 1
| #define _POSIX_PTHREAD_SEMANTICS 1
| #define _TANDEM_SOURCE 1
| #define PACKAGE "libxslt"
| #define VERSION "1.1.28"
| #define STDC_HEADERS 1
| #define HAVE_DLFCN_H 1
| #define LT_OBJDIR ".libs/"
| #define HAVE_SYS_TYPES_H 1
| #define HAVE_SYS_TIME_H 1
| #define HAVE_STDLIB_H 1
| #define HAVE_UNISTD_H 1
| #define HAVE_STRING_H 1
| #define HAVE_LOCALE_H 1
| #define HAVE_XLOCALE_H 1
| #define HAVE_IEEEFP_H 1
| #define HAVE_MATH_H 1
| #define HAVE_FLOAT_H 1
| #define HAVE_SYS_TIMEB_H 1
| #define HAVE_TIME_H 1
| #define HAVE_SYS_STAT_H 1
| #define HAVE_SYS_SELECT_H 1
| #define HAVE_STDARG_H 1
| #define HAVE_STAT 1
| #define HAVE_POW /**/
| /* end confdefs.h.  */
| /* Define floor to an innocuous variant, in case <limits.h> declares floor.
|    For example, HP-UX 11i <limits.h> declares gettimeofday.  */
| #define floor innocuous_floor
| 
| /* System header to define __stub macros and hopefully few prototypes,
|     which can conflict with char floor (); below.
|     Prefer <limits.h> to <assert.h> if __STDC__ is defined, since
|     <limits.h> exists even on freestanding compilers.  */
| 
| #ifdef __STDC__
| # include <limits.h>
| #else
| # include <assert.h>
| #endif
| 
| #undef floor
| 
| /* Override any GCC internal prototype to avoid an error.
|    Use char because int might match the return type of a GCC
|    builtin and then its argument prototype would still apply.  */
| #ifdef __cplusplus
| extern "C"
| #endif
| char floor ();
| /* The GNU C library defines this for functions which it implements
|     to always fail with ENOSYS.  Some functions are actually named
|     something starting with __ and the normal name is an alias.  */
| #if defined __stub_floor || defined __stub___floor
| choke me
| #endif
| 
| int
| main ()
| {
| return floor ();
|   ;
|   return 0;
| }
configure:13116: result: no
configure:13120: checking for floor in -lm
configure:13145: /home/matthew/emscripten/emcc -o conftest    conftest.c -lm   >&5
clang-3: warning: argument unused during compilation: '-nostdinc++'
conftest.c:53:6: warning: incompatible redeclaration of library function 'floor'
char floor ();
     ^
conftest.c:53:6: note: 'floor' is a builtin with type 'double (double)'
1 warning generated.
configure:13145: $? = 0
configure:13154: result: yes
configure:13165: checking for fabs
configure:13165: /home/matthew/emscripten/emcc -o conftest    conftest.c  >&5
clang-3: warning: argument unused during compilation: '-nostdinc++'
conftest.c:70:6: warning: incompatible redeclaration of library function 'fabs'
char fabs ();
     ^
conftest.c:70:6: note: 'fabs' is a builtin with type 'double (double)'
1 warning generated.
/tmp/conftest-QYa0gF.o: In function `main':
conftest.c:(.text+0x12): undefined reference to `fabs'
clang-3: error: linker command failed with exit code 1 (use -v to see invocation)
configure:13165: $? = 1
configure: failed program was:
| /* confdefs.h */
| #define PACKAGE_NAME ""
| #define PACKAGE_TARNAME ""
| #define PACKAGE_VERSION ""
| #define PACKAGE_STRING ""
| #define PACKAGE_BUGREPORT ""
| #define PACKAGE_URL ""
| #define STDC_HEADERS 1
| #define HAVE_SYS_TYPES_H 1
| #define HAVE_SYS_STAT_H 1
| #define HAVE_STDLIB_H 1
| #define HAVE_STRING_H 1
| #define HAVE_MEMORY_H 1
| #define HAVE_STRINGS_H 1
| #define HAVE_INTTYPES_H 1
| #define HAVE_STDINT_H 1
| #define HAVE_UNISTD_H 1
| #define __EXTENSIONS__ 1
| #define _ALL_SOURCE 1
| #define _GNU_SOURCE 1
| #define _POSIX_PTHREAD_SEMANTICS 1
| #define _TANDEM_SOURCE 1
| #define PACKAGE "libxslt"
| #define VERSION "1.1.28"
| #define STDC_HEADERS 1
| #define HAVE_DLFCN_H 1
| #define LT_OBJDIR ".libs/"
| #define HAVE_SYS_TYPES_H 1
| #define HAVE_SYS_TIME_H 1
| #define HAVE_STDLIB_H 1
| #define HAVE_UNISTD_H 1
| #define HAVE_STRING_H 1
| #define HAVE_LOCALE_H 1
| #define HAVE_XLOCALE_H 1
| #define HAVE_IEEEFP_H 1
| #define HAVE_MATH_H 1
| #define HAVE_FLOAT_H 1
| #define HAVE_SYS_TIMEB_H 1
| #define HAVE_TIME_H 1
| #define HAVE_SYS_STAT_H 1
| #define HAVE_SYS_SELECT_H 1
| #define HAVE_STDARG_H 1
| #define HAVE_STAT 1
| #define HAVE_POW /**/
| #define HAVE_FLOOR /**/
| /* end confdefs.h.  */
| /* Define fabs to an innocuous variant, in case <limits.h> declares fabs.
|    For example, HP-UX 11i <limits.h> declares gettimeofday.  */
| #define fabs innocuous_fabs
| 
| /* System header to define __stub macros and hopefully few prototypes,
|     which can conflict with char fabs (); below.
|     Prefer <limits.h> to <assert.h> if __STDC__ is defined, since
|     <limits.h> exists even on freestanding compilers.  */
| 
| #ifdef __STDC__
| # include <limits.h>
| #else
| # include <assert.h>
| #endif
| 
| #undef fabs
| 
| /* Override any GCC internal prototype to avoid an error.
|    Use char because int might match the return type of a GCC
|    builtin and then its argument prototype would still apply.  */
| #ifdef __cplusplus
| extern "C"
| #endif
| char fabs ();
| /* The GNU C library defines this for functions which it implements
|     to always fail with ENOSYS.  Some functions are actually named
|     something starting with __ and the normal name is an alias.  */
| #if defined __stub_fabs || defined __stub___fabs
| choke me
| #endif
| 
| int
| main ()
| {
| return fabs ();
|   ;
|   return 0;
| }
configure:13165: result: no
configure:13169: checking for fabs in -lm
configure:13194: /home/matthew/emscripten/emcc -o conftest    conftest.c -lm   >&5
clang-3: warning: argument unused during compilation: '-nostdinc++'
conftest.c:54:6: warning: incompatible redeclaration of library function 'fabs'
char fabs ();
     ^
conftest.c:54:6: note: 'fabs' is a builtin with type 'double (double)'
1 warning generated.
configure:13194: $? = 0
configure:13203: result: yes
configure:13217: checking for gettimeofday
configure:13217: /home/matthew/emscripten/emcc -o conftest    conftest.c  >&5
clang-3: warning: argument unused during compilation: '-nostdinc++'
configure:13217: $? = 0
configure:13217: result: yes
configure:13229: checking for mktime
configure:13229: /home/matthew/emscripten/emcc -o conftest    conftest.c  >&5
clang-3: warning: argument unused during compilation: '-nostdinc++'
configure:13229: $? = 0
configure:13229: result: yes
configure:13229: checking for localtime
configure:13229: /home/matthew/emscripten/emcc -o conftest    conftest.c  >&5
clang-3: warning: argument unused during compilation: '-nostdinc++'
configure:13229: $? = 0
configure:13229: result: yes
configure:13229: checking for localtime_r
configure:13229: /home/matthew/emscripten/emcc -o conftest    conftest.c  >&5
clang-3: warning: argument unused during compilation: '-nostdinc++'
configure:13229: $? = 0
configure:13229: result: yes
configure:13229: checking for asctime
configure:13229: /home/matthew/emscripten/emcc -o conftest    conftest.c  >&5
clang-3: warning: argument unused during compilation: '-nostdinc++'
configure:13229: $? = 0
configure:13229: result: yes
configure:13229: checking for time
configure:13229: /home/matthew/emscripten/emcc -o conftest    conftest.c  >&5
clang-3: warning: argument unused during compilation: '-nostdinc++'
configure:13229: $? = 0
configure:13229: result: yes
configure:13229: checking for gmtime
configure:13229: /home/matthew/emscripten/emcc -o conftest    conftest.c  >&5
clang-3: warning: argument unused during compilation: '-nostdinc++'
configure:13229: $? = 0
configure:13229: result: yes
configure:13229: checking for gmtime_r
configure:13229: /home/matthew/emscripten/emcc -o conftest    conftest.c  >&5
clang-3: warning: argument unused during compilation: '-nostdinc++'
configure:13229: $? = 0
configure:13229: result: yes
configure:13229: checking for ftime
configure:13229: /home/matthew/emscripten/emcc -o conftest    conftest.c  >&5
clang-3: warning: argument unused during compilation: '-nostdinc++'
configure:13229: $? = 0
configure:13229: result: yes
configure:13242: checking for printf
configure:13242: /home/matthew/emscripten/emcc -o conftest    conftest.c  >&5
clang-3: warning: argument unused during compilation: '-nostdinc++'
conftest.c:80:6: warning: incompatible redeclaration of library function 'printf'
char printf ();
     ^
conftest.c:80:6: note: 'printf' is a builtin with type 'int (const char *, ...)'
1 warning generated.
configure:13242: $? = 0
configure:13242: result: yes
configure:13242: checking for sprintf
configure:13242: /home/matthew/emscripten/emcc -o conftest    conftest.c  >&5
clang-3: warning: argument unused during compilation: '-nostdinc++'
conftest.c:81:6: warning: incompatible redeclaration of library function 'sprintf'
char sprintf ();
     ^
conftest.c:81:6: note: 'sprintf' is a builtin with type 'int (char *, const char *, ...)'
1 warning generated.
configure:13242: $? = 0
configure:13242: result: yes
configure:13242: checking for fprintf
configure:13242: /home/matthew/emscripten/emcc -o conftest    conftest.c  >&5
clang-3: warning: argument unused during compilation: '-nostdinc++'
conftest.c:82:6: warning: declaration of built-in function 'fprintf' requires inclusion of the header <stdio.h> [-Wbuiltin-requires-header]
char fprintf ();
     ^
1 warning generated.
configure:13242: $? = 0
configure:13242: result: yes
configure:13242: checking for snprintf
configure:13242: /home/matthew/emscripten/emcc -o conftest    conftest.c  >&5
clang-3: warning: argument unused during compilation: '-nostdinc++'
conftest.c:83:6: warning: incompatible redeclaration of library function 'snprintf'
char snprintf ();
     ^
conftest.c:83:6: note: 'snprintf' is a builtin with type 'int (char *, unsigned long, const char *, ...)'
1 warning generated.
configure:13242: $? = 0
configure:13242: result: yes
configure:13242: checking for vfprintf
configure:13242: /home/matthew/emscripten/emcc -o conftest    conftest.c  >&5
clang-3: warning: argument unused during compilation: '-nostdinc++'
conftest.c:84:6: warning: incompatible redeclaration of library function 'vfprintf'
char vfprintf ();
     ^
conftest.c:84:6: note: 'vfprintf' is a builtin with type 'int ()'
1 warning generated.
configure:13242: $? = 0
configure:13242: result: yes
configure:13242: checking for vsprintf
configure:13242: /home/matthew/emscripten/emcc -o conftest    conftest.c  >&5
clang-3: warning: argument unused during compilation: '-nostdinc++'
conftest.c:85:6: warning: incompatible redeclaration of library function 'vsprintf'
char vsprintf ();
     ^
conftest.c:85:6: note: 'vsprintf' is a builtin with type 'int (char *, const char *, __va_list_tag *)'
1 warning generated.
configure:13242: $? = 0
configure:13242: result: yes
configure:13242: checking for vsnprintf
configure:13242: /home/matthew/emscripten/emcc -o conftest    conftest.c  >&5
clang-3: warning: argument unused during compilation: '-nostdinc++'
conftest.c:86:6: warning: incompatible redeclaration of library function 'vsnprintf'
char vsnprintf ();
     ^
conftest.c:86:6: note: 'vsnprintf' is a builtin with type 'int (char *, unsigned long, const char *, __va_list_tag *)'
1 warning generated.
configure:13242: $? = 0
configure:13242: result: yes
configure:13242: checking for sscanf
configure:13242: /home/matthew/emscripten/emcc -o conftest    conftest.c  >&5
clang-3: warning: argument unused during compilation: '-nostdinc++'
conftest.c:87:6: warning: incompatible redeclaration of library function 'sscanf'
char sscanf ();
     ^
conftest.c:87:6: note: 'sscanf' is a builtin with type 'int (const char *restrict, const char *restrict, ...)'
1 warning generated.
configure:13242: $? = 0
configure:13242: result: yes
configure:13256: checking for clock_gettime
configure:13256: /home/matthew/emscripten/emcc -o conftest    conftest.c  >&5
clang-3: warning: argument unused during compilation: '-nostdinc++'
configure:13256: $? = 0
configure:13256: result: yes
configure:13327: checking for perl
configure:13343: found /usr/bin/perl
configure:13355: result: perl
configure:13528: checking for libgcrypt-config
configure:13559: result: no
configure:13689: checking for libxml libraries >= 2.6.27
configure:13741: result: 2.9.1 found
configure:13770: checking whether shared libraries will be built (required for plugins)
configure:13781: result: yes
configure:13786: checking libxml2 module support
configure:13790: result: yes
configure:14023: creating ./config.status

## ---------------------- ##
## Running config.status. ##
## ---------------------- ##

This file was extended by config.status, which was
generated by GNU Autoconf 2.68.  Invocation command line was

  CONFIG_FILES    = 
  CONFIG_HEADERS  = 
  CONFIG_LINKS    = 
  CONFIG_COMMANDS = 
  $ ./config.status 

on matthew-VirtualBox

config.status:1246: creating Makefile
config.status:1246: creating libxslt.pc
config.status:1246: creating libexslt.pc
config.status:1246: creating libxslt/Makefile
config.status:1246: creating libxslt/xsltconfig.h
config.status:1246: creating libxslt/xsltwin32config.h
config.status:1246: creating libexslt/Makefile
config.status:1246: creating libexslt/exsltconfig.h
config.status:1246: creating xsltproc/Makefile
config.status:1246: creating python/Makefile
config.status:1246: creating python/tests/Makefile
config.status:1246: creating tests/Makefile
config.status:1246: creating tests/docs/Makefile
config.status:1246: creating tests/REC1/Makefile
config.status:1246: creating tests/REC2/Makefile
config.status:1246: creating tests/REC/Makefile
config.status:1246: creating tests/general/Makefile
config.status:1246: creating tests/reports/Makefile
config.status:1246: creating tests/extensions/Makefile
config.status:1246: creating tests/namespaces/Makefile
config.status:1246: creating tests/keys/Makefile
config.status:1246: creating tests/numbers/Makefile
config.status:1246: creating tests/documents/Makefile
config.status:1246: creating tests/xmlspec/Makefile
config.status:1246: creating tests/multiple/Makefile
config.status:1246: creating tests/xinclude/Makefile
config.status:1246: creating tests/XSLTMark/Makefile
config.status:1246: creating tests/docbook/Makefile
config.status:1246: creating tests/exslt/Makefile
config.status:1246: creating tests/exslt/common/Makefile
config.status:1246: creating tests/exslt/functions/Makefile
config.status:1246: creating tests/exslt/math/Makefile
config.status:1246: creating tests/exslt/sets/Makefile
config.status:1246: creating tests/exslt/strings/Makefile
config.status:1246: creating tests/exslt/date/Makefile
config.status:1246: creating tests/exslt/dynamic/Makefile
config.status:1246: creating tests/plugins/Makefile
config.status:1246: creating doc/Makefile
config.status:1246: creating xslt-config
config.status:1246: creating libxslt.spec
config.status:1246: creating config.h
config.status:1427: config.h is unchanged
config.status:1475: executing depfiles commands
config.status:1475: executing libtool commands

## ---------------- ##
## Cache variables. ##
## ---------------- ##

ac_cv_build=x86_64-unknown-linux-gnu
ac_cv_c_compiler_gnu=yes
ac_cv_env_CC_set=set
ac_cv_env_CC_value=/home/matthew/emscripten/emcc
ac_cv_env_CFLAGS_set=set
ac_cv_env_CFLAGS_value=
ac_cv_env_CPPFLAGS_set=
ac_cv_env_CPPFLAGS_value=
ac_cv_env_CPP_set=
ac_cv_env_CPP_value=
ac_cv_env_LDFLAGS_set=
ac_cv_env_LDFLAGS_value=
ac_cv_env_LIBS_set=
ac_cv_env_LIBS_value=
ac_cv_env_build_alias_set=
ac_cv_env_build_alias_value=
ac_cv_env_host_alias_set=
ac_cv_env_host_alias_value=
ac_cv_env_target_alias_set=
ac_cv_env_target_alias_value=
ac_cv_func__stat=no
ac_cv_func_asctime=yes
ac_cv_func_clock_gettime=yes
ac_cv_func_fabs=no
ac_cv_func_floor=no
ac_cv_func_fprintf=yes
ac_cv_func_ftime=yes
ac_cv_func_gettimeofday=yes
ac_cv_func_gmtime=yes
ac_cv_func_gmtime_r=yes
ac_cv_func_localtime=yes
ac_cv_func_localtime_r=yes
ac_cv_func_mktime=yes
ac_cv_func_pow=no
ac_cv_func_printf=yes
ac_cv_func_snprintf=yes
ac_cv_func_sprintf=yes
ac_cv_func_sscanf=yes
ac_cv_func_stat=yes
ac_cv_func_time=yes
ac_cv_func_vfprintf=yes
ac_cv_func_vsnprintf=yes
ac_cv_func_vsprintf=yes
ac_cv_header_ansidecl_h=no
ac_cv_header_dlfcn_h=yes
ac_cv_header_float_h=yes
ac_cv_header_fp_class_h=no
ac_cv_header_ieeefp_h=yes
ac_cv_header_inttypes_h=yes
ac_cv_header_locale_h=yes
ac_cv_header_math_h=yes
ac_cv_header_memory_h=yes
ac_cv_header_minix_config_h=no
ac_cv_header_nan_h=no
ac_cv_header_pthread_h=yes
ac_cv_header_stdarg_h=yes
ac_cv_header_stdc=yes
ac_cv_header_stdint_h=yes
ac_cv_header_stdlib_h=yes
ac_cv_header_string_h=yes
ac_cv_header_strings_h=yes
ac_cv_header_sys_select_h=yes
ac_cv_header_sys_stat_h=yes
ac_cv_header_sys_time_h=yes
ac_cv_header_sys_timeb_h=yes
ac_cv_header_sys_types_h=yes
ac_cv_header_time_h=yes
ac_cv_header_unistd_h=yes
ac_cv_header_xlocale_h=yes
ac_cv_host=x86_64-unknown-linux-gnu
ac_cv_lib_m_fabs=yes
ac_cv_lib_m_floor=yes
ac_cv_lib_m_pow=yes
ac_cv_lib_pthread_pthread_join=no
ac_cv_objext=o
ac_cv_path_EGREP='/bin/grep -E'
ac_cv_path_FGREP='/bin/grep -F'
ac_cv_path_GREP=/bin/grep
ac_cv_path_LIBGCRYPT_CONFIG=no
ac_cv_path_MV=/bin/mv
ac_cv_path_RM=/bin/rm
ac_cv_path_SED=/bin/sed
ac_cv_path_TAR=/bin/tar
ac_cv_path_XMLLINT=/usr/bin/xmllint
ac_cv_path_XSLTPROC=/usr/bin/xsltproc
ac_cv_path_install='/usr/bin/install -c'
ac_cv_path_mkdir=/bin/mkdir
ac_cv_prog_AWK=gawk
ac_cv_prog_CPP='/home/matthew/emscripten/emcc -E'
ac_cv_prog_PERL=perl
ac_cv_prog_ac_ct_CC=/home/matthew/emscripten/emcc
ac_cv_prog_ac_ct_MANIFEST_TOOL=mt
ac_cv_prog_ac_ct_OBJDUMP=objdump
ac_cv_prog_ac_ct_RANLIB=/home/matthew/emscripten/emranlib
ac_cv_prog_ac_ct_STRIP=strip
ac_cv_prog_cc_c89=
ac_cv_prog_cc_g=yes
ac_cv_prog_make_make_set=yes
ac_cv_safe_to_define___extensions__=yes
am_cv_CC_dependencies_compiler_type=gcc3
am_cv_make_support_nested_variables=yes
lt_cv_ar_at_file=no
lt_cv_archive_cmds_need_lc=no
lt_cv_deplibs_check_method=pass_all
lt_cv_file_magic_cmd='$MAGIC_CMD'
lt_cv_file_magic_test_file=
lt_cv_ld_reload_flag=-r
lt_cv_nm_interface='BSD nm'
lt_cv_objdir=.libs
lt_cv_path_LD=/home/matthew/emscripten/emcc
lt_cv_path_NM='/usr/bin/nm -B'
lt_cv_path_mainfest_tool=no
lt_cv_prog_compiler_c_o=yes
lt_cv_prog_compiler_pic='-fPIC -DPIC'
lt_cv_prog_compiler_pic_works=yes
lt_cv_prog_compiler_rtti_exceptions=yes
lt_cv_prog_compiler_static_works=yes
lt_cv_prog_gnu_ld=yes
lt_cv_sharedlib_from_linklib_cmd='printf %s\n'
lt_cv_shlibpath_overrides_runpath=no
lt_cv_sys_global_symbol_pipe='sed -n -e '\''s/^.*[	 ]\([ABCDGIRSTW][ABCDGIRSTW]*\)[	 ][	 ]*\([_A-Za-z][_A-Za-z0-9]*\)$/\1 \2 \2/p'\'' | sed '\''/ __gnu_lto/d'\'''
lt_cv_sys_global_symbol_to_c_name_address='sed -n -e '\''s/^: \([^ ]*\)[ ]*$/  {\"\1\", (void *) 0},/p'\'' -e '\''s/^[ABCDGIRSTW]* \([^ ]*\) \([^ ]*\)$/  {"\2", (void *) \&\2},/p'\'''
lt_cv_sys_global_symbol_to_c_name_address_lib_prefix='sed -n -e '\''s/^: \([^ ]*\)[ ]*$/  {\"\1\", (void *) 0},/p'\'' -e '\''s/^[ABCDGIRSTW]* \([^ ]*\) \(lib[^ ]*\)$/  {"\2", (void *) \&\2},/p'\'' -e '\''s/^[ABCDGIRSTW]* \([^ ]*\) \([^ ]*\)$/  {"lib\2", (void *) \&\2},/p'\'''
lt_cv_sys_global_symbol_to_cdecl='sed -n -e '\''s/^T .* \(.*\)$/extern int \1();/p'\'' -e '\''s/^[ABCDGIRSTW]* .* \(.*\)$/extern char \1;/p'\'''
lt_cv_sys_max_cmd_len=1572864
lt_cv_to_host_file_cmd=func_convert_file_noop
lt_cv_to_tool_file_cmd=func_convert_file_noop

## ----------------- ##
## Output variables. ##
## ----------------- ##

ACLOCAL='${SHELL} /home/matthew/Development/xslt.js/libxslt-1.1.28/missing --run aclocal-1.11'
AMDEPBACKSLASH='\'
AMDEP_FALSE='#'
AMDEP_TRUE=''
AMTAR='$${TAR-tar}'
AM_BACKSLASH='\'
AM_DEFAULT_V='$(AM_DEFAULT_VERBOSITY)'
AM_DEFAULT_VERBOSITY='0'
AM_V='$(V)'
AR='/home/matthew/emscripten/emar'
AS='as'
AUTOCONF='${SHELL} /home/matthew/Development/xslt.js/libxslt-1.1.28/missing --run autoconf'
AUTOHEADER='${SHELL} /home/matthew/Development/xslt.js/libxslt-1.1.28/missing --run autoheader'
AUTOMAKE='${SHELL} /home/matthew/Development/xslt.js/libxslt-1.1.28/missing --run automake-1.11'
AWK='gawk'
CC='/home/matthew/emscripten/emcc'
CCDEPMODE='depmode=gcc3'
CFLAGS=' -Wall'
CPP='/home/matthew/emscripten/emcc -E'
CPPFLAGS=''
CYGPATH_W='echo'
DEFS='-DHAVE_CONFIG_H'
DEPDIR='.deps'
DLLTOOL='false'
DSYMUTIL=''
DUMPBIN=''
ECHO_C=''
ECHO_N='-n'
ECHO_T=''
EGREP='/bin/grep -E'
EXEEXT=''
EXSLT_INCLUDEDIR='-I${includedir}'
EXSLT_LIBDIR='-L${libdir}'
EXSLT_LIBS='-lexslt -lxslt -L/home/matthew/Development/xslt.js/libxml2-2.9.1 -L/usr/local/lib -lxml2 -lm -ldl -lm '
EXTRA_LIBS=''
FGREP='/bin/grep -F'
GREP='/bin/grep'
HTML_DIR='$(datadir)/doc/$(PACKAGE)-$(VERSION)/html'
INSTALL_DATA='${INSTALL} -m 644'
INSTALL_PROGRAM='${INSTALL}'
INSTALL_SCRIPT='${INSTALL}'
INSTALL_STRIP_PROGRAM='$(install_sh) -c -s'
LD='/home/matthew/emscripten/emcc -m elf_x86_64'
LDFLAGS=''
LIBEXSLT_MAJOR_VERSION='0'
LIBEXSLT_MICRO_VERSION='17'
LIBEXSLT_MINOR_VERSION='8'
LIBEXSLT_VERSION='0.8.17'
LIBEXSLT_VERSION_EXTRA=''
LIBEXSLT_VERSION_INFO='8:17:8'
LIBEXSLT_VERSION_NUMBER='817'
LIBGCRYPT_CFLAGS=''
LIBGCRYPT_CONFIG='no'
LIBGCRYPT_LIBS=''
LIBOBJS=''
LIBS=''
LIBTOOL='$(SHELL) $(top_builddir)/libtool'
LIBXML_CFLAGS='-I/home/matthew/Development/xslt.js/libxml2-2.9.1/include'
LIBXML_LIBS='-L/home/matthew/Development/xslt.js/libxml2-2.9.1 -L/usr/local/lib -lxml2 -lm -ldl'
LIBXML_REQUIRED_VERSION='2.6.27'
LIBXML_SRC='../libxml2-2.9.1'
LIBXSLT_DEFAULT_PLUGINS_PATH='/usr/local/lib/libxslt-plugins'
LIBXSLT_MAJOR_MINOR_VERSION='1.1'
LIBXSLT_MAJOR_VERSION='1'
LIBXSLT_MICRO_VERSION='28'
LIBXSLT_MINOR_VERSION='1'
LIBXSLT_VERSION='1.1.28'
LIBXSLT_VERSION_EXTRA=''
LIBXSLT_VERSION_INFO='2:28:1'
LIBXSLT_VERSION_NUMBER='10128'
LIPO=''
LN_S='ln -s'
LTLIBOBJS=''
MAKEINFO='${SHELL} /home/matthew/Development/xslt.js/libxslt-1.1.28/missing --run makeinfo'
MANIFEST_TOOL=':'
MKDIR_P='/bin/mkdir -p'
MV='/bin/mv'
M_LIBS='-lm'
NM='/usr/bin/nm -B'
NMEDIT=''
OBJDUMP='objdump'
OBJEXT='o'
OTOOL64=''
OTOOL=''
PACKAGE='libxslt'
PACKAGE_BUGREPORT=''
PACKAGE_NAME=''
PACKAGE_STRING=''
PACKAGE_TARNAME=''
PACKAGE_URL=''
PACKAGE_VERSION=''
PATH_SEPARATOR=':'
PERL='perl'
PYTHON=''
PYTHONSODV=''
PYTHON_INCLUDES=''
PYTHON_LIBS=''
PYTHON_SITE_PACKAGES=''
PYTHON_SUBDIR=''
PYTHON_VERSION=''
RANLIB='/home/matthew/emscripten/emranlib'
RELDATE='Thu Jun 20 2013'
RM='/bin/rm'
SED='/bin/sed'
SET_MAKE=''
SHELL='/bin/bash'
STRIP='strip'
TAR='/bin/tar'
THREAD_LIBS=''
USE_VERSION_SCRIPT_FALSE=''
USE_VERSION_SCRIPT_TRUE='#'
VERSION='1.1.28'
VERSION_SCRIPT_FLAGS='none'
WIN32_EXTRA_LDFLAGS=''
WIN32_EXTRA_LIBADD=''
WITH_CRYPTO='0'
WITH_DEBUGGER='1'
WITH_MEM_DEBUG='0'
WITH_MODULES='1'
WITH_MODULES_FALSE='#'
WITH_MODULES_TRUE=''
WITH_PERL_FALSE='#'
WITH_PERL_TRUE=''
WITH_PYTHON_FALSE=''
WITH_PYTHON_TRUE='#'
WITH_TRIO='0'
WITH_XSLT_DEBUG='1'
XMLLINT='/usr/bin/xmllint'
XML_CONFIG='/home/matthew/Development/xslt.js/libxml2-2.9.1/xml2-config'
XSLTPROC='/usr/bin/xsltproc'
XSLTPROCDV=''
XSLT_INCLUDEDIR='-I${includedir}'
XSLT_LIBDIR='-L${libdir}'
XSLT_LIBS='-lxslt -L/home/matthew/Development/xslt.js/libxml2-2.9.1 -L/usr/local/lib -lxml2 -lm -ldl -lm'
XSLT_LOCALE_WINAPI='0'
XSLT_LOCALE_XLOCALE='0'
ac_ct_AR=''
ac_ct_CC='/home/matthew/emscripten/emcc'
ac_ct_DUMPBIN=''
am__EXEEXT_FALSE=''
am__EXEEXT_TRUE='#'
am__fastdepCC_FALSE='#'
am__fastdepCC_TRUE=''
am__include='include'
am__isrc=''
am__leading_dot='.'
am__nodep='_no'
am__quote=''
am__tar='$${TAR-tar} chof - "$$tardir"'
am__untar='$${TAR-tar} xf -'
bindir='${exec_prefix}/bin'
build='x86_64-unknown-linux-gnu'
build_alias=''
build_cpu='x86_64'
build_os='linux-gnu'
build_vendor='unknown'
datadir='${datarootdir}'
datarootdir='${prefix}/share'
docdir='${datarootdir}/doc/${PACKAGE}'
dvidir='${docdir}'
exec_prefix='${prefix}'
host='x86_64-unknown-linux-gnu'
host_alias=''
host_cpu='x86_64'
host_os='linux-gnu'
host_vendor='unknown'
htmldir='${docdir}'
includedir='${prefix}/include'
infodir='${datarootdir}/info'
install_sh='${SHELL} /home/matthew/Development/xslt.js/libxslt-1.1.28/install-sh'
libdir='${exec_prefix}/lib'
libexecdir='${exec_prefix}/libexec'
localedir='${datarootdir}/locale'
localstatedir='${prefix}/var'
mandir='${datarootdir}/man'
mkdir_p='/bin/mkdir -p'
oldincludedir='/usr/include'
pdfdir='${docdir}'
prefix='/usr/local'
program_transform_name='s,x,x,'
psdir='${docdir}'
pythondir=''
sbindir='${exec_prefix}/sbin'
sharedstatedir='${prefix}/com'
sysconfdir='${prefix}/etc'
target_alias=''

## ----------- ##
## confdefs.h. ##
## ----------- ##

/* confdefs.h */
#define PACKAGE_NAME ""
#define PACKAGE_TARNAME ""
#define PACKAGE_VERSION ""
#define PACKAGE_STRING ""
#define PACKAGE_BUGREPORT ""
#define PACKAGE_URL ""
#define STDC_HEADERS 1
#define HAVE_SYS_TYPES_H 1
#define HAVE_SYS_STAT_H 1
#define HAVE_STDLIB_H 1
#define HAVE_STRING_H 1
#define HAVE_MEMORY_H 1
#define HAVE_STRINGS_H 1
#define HAVE_INTTYPES_H 1
#define HAVE_STDINT_H 1
#define HAVE_UNISTD_H 1
#define __EXTENSIONS__ 1
#define _ALL_SOURCE 1
#define _GNU_SOURCE 1
#define _POSIX_PTHREAD_SEMANTICS 1
#define _TANDEM_SOURCE 1
#define PACKAGE "libxslt"
#define VERSION "1.1.28"
#define STDC_HEADERS 1
#define HAVE_DLFCN_H 1
#define LT_OBJDIR ".libs/"
#define HAVE_SYS_TYPES_H 1
#define HAVE_SYS_TIME_H 1
#define HAVE_STDLIB_H 1
#define HAVE_UNISTD_H 1
#define HAVE_STRING_H 1
#define HAVE_LOCALE_H 1
#define HAVE_XLOCALE_H 1
#define HAVE_IEEEFP_H 1
#define HAVE_MATH_H 1
#define HAVE_FLOAT_H 1
#define HAVE_SYS_TIMEB_H 1
#define HAVE_TIME_H 1
#define HAVE_SYS_STAT_H 1
#define HAVE_SYS_SELECT_H 1
#define HAVE_STDARG_H 1
#define HAVE_STAT 1
#define HAVE_POW /**/
#define HAVE_FLOOR /**/
#define HAVE_FABS /**/
#define HAVE_GETTIMEOFDAY 1
#define HAVE_MKTIME 1
#define HAVE_LOCALTIME 1
#define HAVE_LOCALTIME_R 1
#define HAVE_ASCTIME 1
#define HAVE_TIME 1
#define HAVE_GMTIME 1
#define HAVE_GMTIME_R 1
#define HAVE_FTIME 1
#define HAVE_PRINTF 1
#define HAVE_SPRINTF 1
#define HAVE_FPRINTF 1
#define HAVE_SNPRINTF 1
#define HAVE_VFPRINTF 1
#define HAVE_VSPRINTF 1
#define HAVE_VSNPRINTF 1
#define HAVE_SSCANF 1
#define HAVE_CLOCK_GETTIME 1
#define WITH_DEBUGGER /**/

configure: exit 0
